-------------------------------------------------------------------------------
Test set: com._5ganalysisrate.g5rate.service.FileServiceTest
-------------------------------------------------------------------------------
Tests run: 7, Failures: 0, Errors: 2, Skipped: 0, Time elapsed: 3.025 s <<< FAILURE! -- in com._5ganalysisrate.g5rate.service.FileServiceTest
com._5ganalysisrate.g5rate.service.FileServiceTest.testProcessValidExcelFile -- Time elapsed: 1.081 s <<< ERROR!
org.mockito.exceptions.misusing.UnnecessaryStubbingException: 

Unnecessary stubbings detected.
Clean & maintainable test code requires zero unnecessary code.
Following stubbings are unnecessary (click to navigate to relevant line of code):
  1. -> at com._5ganalysisrate.g5rate.service.FileServiceTest.testProcessValidExcelFile(FileServiceTest.java:168)
  2. -> at com._5ganalysisrate.g5rate.service.FileServiceTest.testProcessValidExcelFile(FileServiceTest.java:172)
  3. -> at com._5ganalysisrate.g5rate.service.FileServiceTest.testProcessValidExcelFile(FileServiceTest.java:173)
  4. -> at com._5ganalysisrate.g5rate.service.FileServiceTest.testProcessValidExcelFile(FileServiceTest.java:187)
  5. -> at com._5ganalysisrate.g5rate.service.FileServiceTest.testProcessValidExcelFile(FileServiceTest.java:190)
  6. -> at com._5ganalysisrate.g5rate.service.FileServiceTest.testProcessValidExcelFile(FileServiceTest.java:187)
  7. -> at com._5ganalysisrate.g5rate.service.FileServiceTest.testProcessValidExcelFile(FileServiceTest.java:190)
  8. -> at com._5ganalysisrate.g5rate.service.FileServiceTest.testProcessValidExcelFile(FileServiceTest.java:187)
  9. -> at com._5ganalysisrate.g5rate.service.FileServiceTest.testProcessValidExcelFile(FileServiceTest.java:190)
  10. -> at com._5ganalysisrate.g5rate.service.FileServiceTest.testProcessValidExcelFile(FileServiceTest.java:187)
  11. -> at com._5ganalysisrate.g5rate.service.FileServiceTest.testProcessValidExcelFile(FileServiceTest.java:190)
  12. -> at com._5ganalysisrate.g5rate.service.FileServiceTest.testProcessValidExcelFile(FileServiceTest.java:187)
  13. -> at com._5ganalysisrate.g5rate.service.FileServiceTest.testProcessValidExcelFile(FileServiceTest.java:190)
  14. -> at com._5ganalysisrate.g5rate.service.FileServiceTest.testProcessValidExcelFile(FileServiceTest.java:187)
  15. -> at com._5ganalysisrate.g5rate.service.FileServiceTest.testProcessValidExcelFile(FileServiceTest.java:190)
  16. -> at com._5ganalysisrate.g5rate.service.FileServiceTest.testProcessValidExcelFile(FileServiceTest.java:187)
  17. -> at com._5ganalysisrate.g5rate.service.FileServiceTest.testProcessValidExcelFile(FileServiceTest.java:190)
Please remove unnecessary stubbings or use 'lenient' strictness. More info: javadoc for UnnecessaryStubbingException class.
	at org.mockito.junit.jupiter.MockitoExtension.afterEach(MockitoExtension.java:197)
	at java.base/java.util.ArrayList.forEach(ArrayList.java:1596)
	at java.base/java.util.ArrayList.forEach(ArrayList.java:1596)

com._5ganalysisrate.g5rate.service.FileServiceTest.testHandleDatabaseError -- Time elapsed: 0.039 s <<< ERROR!
org.mockito.exceptions.misusing.UnnecessaryStubbingException: 

Unnecessary stubbings detected.
Clean & maintainable test code requires zero unnecessary code.
Following stubbings are unnecessary (click to navigate to relevant line of code):
  1. -> at com._5ganalysisrate.g5rate.service.FileServiceTest.testHandleDatabaseError(FileServiceTest.java:238)
  2. -> at com._5ganalysisrate.g5rate.service.FileServiceTest.testHandleDatabaseError(FileServiceTest.java:242)
  3. -> at com._5ganalysisrate.g5rate.service.FileServiceTest.testHandleDatabaseError(FileServiceTest.java:245)
  4. -> at com._5ganalysisrate.g5rate.service.FileServiceTest.testHandleDatabaseError(FileServiceTest.java:257)
  5. -> at com._5ganalysisrate.g5rate.service.FileServiceTest.testHandleDatabaseError(FileServiceTest.java:258)
  6. -> at com._5ganalysisrate.g5rate.service.FileServiceTest.testHandleDatabaseError(FileServiceTest.java:257)
  7. -> at com._5ganalysisrate.g5rate.service.FileServiceTest.testHandleDatabaseError(FileServiceTest.java:258)
  8. -> at com._5ganalysisrate.g5rate.service.FileServiceTest.testHandleDatabaseError(FileServiceTest.java:257)
  9. -> at com._5ganalysisrate.g5rate.service.FileServiceTest.testHandleDatabaseError(FileServiceTest.java:258)
  10. -> at com._5ganalysisrate.g5rate.service.FileServiceTest.testHandleDatabaseError(FileServiceTest.java:257)
  11. -> at com._5ganalysisrate.g5rate.service.FileServiceTest.testHandleDatabaseError(FileServiceTest.java:258)
  12. -> at com._5ganalysisrate.g5rate.service.FileServiceTest.testHandleDatabaseError(FileServiceTest.java:257)
  13. -> at com._5ganalysisrate.g5rate.service.FileServiceTest.testHandleDatabaseError(FileServiceTest.java:258)
  14. -> at com._5ganalysisrate.g5rate.service.FileServiceTest.testHandleDatabaseError(FileServiceTest.java:257)
  15. -> at com._5ganalysisrate.g5rate.service.FileServiceTest.testHandleDatabaseError(FileServiceTest.java:258)
  16. -> at com._5ganalysisrate.g5rate.service.FileServiceTest.testHandleDatabaseError(FileServiceTest.java:257)
  17. -> at com._5ganalysisrate.g5rate.service.FileServiceTest.testHandleDatabaseError(FileServiceTest.java:258)
Please remove unnecessary stubbings or use 'lenient' strictness. More info: javadoc for UnnecessaryStubbingException class.
	at org.mockito.junit.jupiter.MockitoExtension.afterEach(MockitoExtension.java:197)
	at java.base/java.util.ArrayList.forEach(ArrayList.java:1596)
	at java.base/java.util.ArrayList.forEach(ArrayList.java:1596)

