-------------------------------------------------------------------------------
Test set: com._5ganalysisrate.g5rate.controller.AnalysisControllerIntegrationTest
-------------------------------------------------------------------------------
Tests run: 6, Failures: 1, Errors: 0, Skipped: 0, Time elapsed: 11.15 s <<< FAILURE! -- in com._5ganalysisrate.g5rate.controller.AnalysisControllerIntegrationTest
com._5ganalysisrate.g5rate.controller.AnalysisControllerIntegrationTest.testGetRateDistributionWithRanges -- Time elapsed: 0.060 s <<< FAILURE!
java.lang.AssertionError: JSON path "$.code" expected:<200> but was:<500>
	at org.springframework.test.util.AssertionErrors.fail(AssertionErrors.java:59)
	at org.springframework.test.util.AssertionErrors.assertEquals(AssertionErrors.java:122)
	at org.springframework.test.util.JsonPathExpectationsHelper.assertValue(JsonPathExpectationsHelper.java:123)
	at org.springframework.test.web.servlet.result.JsonPathResultMatchers.lambda$value$2(JsonPathResultMatchers.java:111)
	at org.springframework.test.web.servlet.MockMvc$1.andExpect(MockMvc.java:214)
	at com._5ganalysisrate.g5rate.controller.AnalysisControllerIntegrationTest.testGetRateDistributionWithRanges(AnalysisControllerIntegrationTest.java:103)
	at java.base/java.lang.reflect.Method.invoke(Method.java:580)
	at java.base/java.util.ArrayList.forEach(ArrayList.java:1596)
	at java.base/java.util.ArrayList.forEach(ArrayList.java:1596)

