<?xml version="1.0" encoding="UTF-8"?>
<testsuite xmlns:xsi="http://www.w3.org/2001/XMLSchema-instance" xsi:noNamespaceSchemaLocation="https://maven.apache.org/surefire/maven-surefire-plugin/xsd/surefire-test-report-3.0.xsd" version="3.0" name="com._5ganalysisrate.g5rate.service.AnalysisOrchestratorTest" time="0.235" tests="5" errors="0" skipped="0" failures="0">
  <properties>
[...]
</properties>
  <testcase name="testExecuteAsync_RuleOnly_Success" classname="com._5ganalysisrate.g5rate.service.AnalysisOrchestratorTest" time="0.201">
    <system-out><![CDATA[14:08:33.860 [main] INFO com._5ganalysisrate.g5rate.service.orchestrator.AnalysisOrchestrator -- [Orchestrator] 开始执行分析任务, taskId=1
14:08:33.860 [main] INFO com._5ganalysisrate.g5rate.service.orchestrator.AnalysisOrchestrator -- [Orchestrator] 任务状态更新: taskId=1, status=RUNNING, progress=0
14:08:33.861 [main] INFO com._5ganalysisrate.g5rate.service.orchestrator.AnalysisOrchestrator -- [Orchestrator] 执行规则分析, taskId=1
14:08:33.861 [main] INFO com._5ganalysisrate.g5rate.service.orchestrator.AnalysisOrchestrator -- [Orchestrator] 规则分析完成, taskId=1
14:08:33.861 [main] INFO com._5ganalysisrate.g5rate.service.orchestrator.AnalysisOrchestrator -- [Orchestrator] 任务状态更新: taskId=1, status=SUCCESS, progress=100
14:08:33.861 [main] INFO com._5ganalysisrate.g5rate.service.orchestrator.AnalysisOrchestrator -- [Orchestrator] 仅规则分析完成，任务成功, taskId=1
]]></system-out>
  </testcase>
  <testcase name="testExecuteAsync_RuleAi_Success" classname="com._5ganalysisrate.g5rate.service.AnalysisOrchestratorTest" time="0.006">
    <system-out><![CDATA[14:08:33.870 [main] INFO com._5ganalysisrate.g5rate.service.orchestrator.AnalysisOrchestrator -- [Orchestrator] 开始执行分析任务, taskId=1
14:08:33.871 [main] INFO com._5ganalysisrate.g5rate.service.orchestrator.AnalysisOrchestrator -- [Orchestrator] 任务状态更新: taskId=1, status=RUNNING, progress=0
14:08:33.871 [main] INFO com._5ganalysisrate.g5rate.service.orchestrator.AnalysisOrchestrator -- [Orchestrator] 执行规则分析, taskId=1
14:08:33.871 [main] INFO com._5ganalysisrate.g5rate.service.orchestrator.AnalysisOrchestrator -- [Orchestrator] 规则分析完成, taskId=1
14:08:33.871 [main] INFO com._5ganalysisrate.g5rate.service.orchestrator.AnalysisOrchestrator -- [Orchestrator] 执行 AI 分析, taskId=1
14:08:33.872 [main] INFO com._5ganalysisrate.g5rate.service.orchestrator.AnalysisOrchestrator -- [Orchestrator] 任务状态更新: taskId=1, status=SUCCESS, progress=100
14:08:33.872 [main] INFO com._5ganalysisrate.g5rate.service.orchestrator.AnalysisOrchestrator -- [Orchestrator] AI 分析完成, 任务成功, taskId=1
]]></system-out>
  </testcase>
  <testcase name="testExecuteAsync_AiFails_PartialSuccess" classname="com._5ganalysisrate.g5rate.service.AnalysisOrchestratorTest" time="0.008">
    <system-out><![CDATA[14:08:33.879 [main] INFO com._5ganalysisrate.g5rate.service.orchestrator.AnalysisOrchestrator -- [Orchestrator] 开始执行分析任务, taskId=1
14:08:33.879 [main] INFO com._5ganalysisrate.g5rate.service.orchestrator.AnalysisOrchestrator -- [Orchestrator] 任务状态更新: taskId=1, status=RUNNING, progress=0
14:08:33.879 [main] INFO com._5ganalysisrate.g5rate.service.orchestrator.AnalysisOrchestrator -- [Orchestrator] 执行规则分析, taskId=1
14:08:33.880 [main] INFO com._5ganalysisrate.g5rate.service.orchestrator.AnalysisOrchestrator -- [Orchestrator] 规则分析完成, taskId=1
14:08:33.880 [main] INFO com._5ganalysisrate.g5rate.service.orchestrator.AnalysisOrchestrator -- [Orchestrator] 执行 AI 分析, taskId=1
14:08:33.881 [main] WARN com._5ganalysisrate.g5rate.service.orchestrator.AnalysisOrchestrator -- [Orchestrator] AI 分析失败，规则分析结果可用, taskId=1: API Key 无效
14:08:33.881 [main] INFO com._5ganalysisrate.g5rate.service.orchestrator.AnalysisOrchestrator -- [Orchestrator] 任务状态更新: taskId=1, status=PARTIAL_SUCCESS, progress=80
]]></system-out>
  </testcase>
  <testcase name="testExecuteAsync_RuleFails_TaskFailed" classname="com._5ganalysisrate.g5rate.service.AnalysisOrchestratorTest" time="0.008">
    <system-out><![CDATA[14:08:33.885 [main] INFO com._5ganalysisrate.g5rate.service.orchestrator.AnalysisOrchestrator -- [Orchestrator] 开始执行分析任务, taskId=1
14:08:33.886 [main] INFO com._5ganalysisrate.g5rate.service.orchestrator.AnalysisOrchestrator -- [Orchestrator] 任务状态更新: taskId=1, status=RUNNING, progress=0
14:08:33.886 [main] INFO com._5ganalysisrate.g5rate.service.orchestrator.AnalysisOrchestrator -- [Orchestrator] 执行规则分析, taskId=1
14:08:33.886 [main] ERROR com._5ganalysisrate.g5rate.service.orchestrator.AnalysisOrchestrator -- [Orchestrator] 规则分析失败, taskId=1: 数据库连接失败
java.lang.RuntimeException: 数据库连接失败
	at com._5ganalysisrate.g5rate.service.RuleAnalysisService.runAndPersist(RuleAnalysisService.java:42)
	at com._5ganalysisrate.g5rate.service.orchestrator.AnalysisOrchestrator.executeAsync(AnalysisOrchestrator.java:58)
	at com._5ganalysisrate.g5rate.service.AnalysisOrchestratorTest.testExecuteAsync_RuleFails_TaskFailed(AnalysisOrchestratorTest.java:102)
	at java.base/jdk.internal.reflect.DirectMethodHandleAccessor.invoke(DirectMethodHandleAccessor.java:103)
	at java.base/java.lang.reflect.Method.invoke(Method.java:580)
	at org.junit.platform.commons.util.ReflectionUtils.invokeMethod(ReflectionUtils.java:728)
	at org.junit.jupiter.engine.execution.MethodInvocation.proceed(MethodInvocation.java:60)
	at org.junit.jupiter.engine.execution.InvocationInterceptorChain$ValidatingInvocation.proceed(InvocationInterceptorChain.java:131)
	at org.junit.jupiter.engine.extension.TimeoutExtension.intercept(TimeoutExtension.java:156)
	at org.junit.jupiter.engine.extension.TimeoutExtension.interceptTestableMethod(TimeoutExtension.java:147)
	at org.junit.jupiter.engine.extension.TimeoutExtension.interceptTestMethod(TimeoutExtension.java:86)
	at org.junit.jupiter.engine.execution.InterceptingExecutableInvoker$ReflectiveInterceptorCall.lambda$ofVoidMethod$0(InterceptingExecutableInvoker.java:103)
	at org.junit.jupiter.engine.execution.InterceptingExecutableInvoker.lambda$invoke$0(InterceptingExecutableInvoker.java:93)
	at org.junit.jupiter.engine.execution.InvocationInterceptorChain$InterceptedInvocation.proceed(InvocationInterceptorChain.java:106)
	at org.junit.jupiter.engine.execution.InvocationInterceptorChain.proceed(InvocationInterceptorChain.java:64)
	at org.junit.jupiter.engine.execution.InvocationInterceptorChain.chainAndInvoke(InvocationInterceptorChain.java:45)
	at org.junit.jupiter.engine.execution.InvocationInterceptorChain.invoke(InvocationInterceptorChain.java:37)
	at org.junit.jupiter.engine.execution.InterceptingExecutableInvoker.invoke(InterceptingExecutableInvoker.java:92)
	at org.junit.jupiter.engine.execution.InterceptingExecutableInvoker.invoke(InterceptingExecutableInvoker.java:86)
	at org.junit.jupiter.engine.descriptor.TestMethodTestDescriptor.lambda$invokeTestMethod$7(TestMethodTestDescriptor.java:218)
	at org.junit.platform.engine.support.hierarchical.ThrowableCollector.execute(ThrowableCollector.java:73)
	at org.junit.jupiter.engine.descriptor.TestMethodTestDescriptor.invokeTestMethod(TestMethodTestDescriptor.java:214)
	at org.junit.jupiter.engine.descriptor.TestMethodTestDescriptor.execute(TestMethodTestDescriptor.java:139)
	at org.junit.jupiter.engine.descriptor.TestMethodTestDescriptor.execute(TestMethodTestDescriptor.java:69)
	at org.junit.platform.engine.support.hierarchical.NodeTestTask.lambda$executeRecursively$6(NodeTestTask.java:151)
	at org.junit.platform.engine.support.hierarchical.ThrowableCollector.execute(ThrowableCollector.java:73)
	at org.junit.platform.engine.support.hierarchical.NodeTestTask.lambda$executeRecursively$8(NodeTestTask.java:141)
	at org.junit.platform.engine.support.hierarchical.Node.around(Node.java:137)
	at org.junit.platform.engine.support.hierarchical.NodeTestTask.lambda$executeRecursively$9(NodeTestTask.java:139)
	at org.junit.platform.engine.support.hierarchical.ThrowableCollector.execute(ThrowableCollector.java:73)
	at org.junit.platform.engine.support.hierarchical.NodeTestTask.executeRecursively(NodeTestTask.java:138)
	at org.junit.platform.engine.support.hierarchical.NodeTestTask.execute(NodeTestTask.java:95)
	at java.base/java.util.ArrayList.forEach(ArrayList.java:1596)
	at org.junit.platform.engine.support.hierarchical.SameThreadHierarchicalTestExecutorService.invokeAll(SameThreadHierarchicalTestExecutorService.java:41)
	at org.junit.platform.engine.support.hierarchical.NodeTestTask.lambda$executeRecursively$6(NodeTestTask.java:155)
	at org.junit.platform.engine.support.hierarchical.ThrowableCollector.execute(ThrowableCollector.java:73)
	at org.junit.platform.engine.support.hierarchical.NodeTestTask.lambda$executeRecursively$8(NodeTestTask.java:141)
	at org.junit.platform.engine.support.hierarchical.Node.around(Node.java:137)
	at org.junit.platform.engine.support.hierarchical.NodeTestTask.lambda$executeRecursively$9(NodeTestTask.java:139)
	at org.junit.platform.engine.support.hierarchical.ThrowableCollector.execute(ThrowableCollector.java:73)
	at org.junit.platform.engine.support.hierarchical.NodeTestTask.executeRecursively(NodeTestTask.java:138)
	at org.junit.platform.engine.support.hierarchical.NodeTestTask.execute(NodeTestTask.java:95)
	at java.base/java.util.ArrayList.forEach(ArrayList.java:1596)
	at org.junit.platform.engine.support.hierarchical.SameThreadHierarchicalTestExecutorService.invokeAll(SameThreadHierarchicalTestExecutorService.java:41)
	at org.junit.platform.engine.support.hierarchical.NodeTestTask.lambda$executeRecursively$6(NodeTestTask.java:155)
	at org.junit.platform.engine.support.hierarchical.ThrowableCollector.execute(ThrowableCollector.java:73)
	at org.junit.platform.engine.support.hierarchical.NodeTestTask.lambda$executeRecursively$8(NodeTestTask.java:141)
	at org.junit.platform.engine.support.hierarchical.Node.around(Node.java:137)
	at org.junit.platform.engine.support.hierarchical.NodeTestTask.lambda$executeRecursively$9(NodeTestTask.java:139)
	at org.junit.platform.engine.support.hierarchical.ThrowableCollector.execute(ThrowableCollector.java:73)
	at org.junit.platform.engine.support.hierarchical.NodeTestTask.executeRecursively(NodeTestTask.java:138)
	at org.junit.platform.engine.support.hierarchical.NodeTestTask.execute(NodeTestTask.java:95)
	at org.junit.platform.engine.support.hierarchical.SameThreadHierarchicalTestExecutorService.submit(SameThreadHierarchicalTestExecutorService.java:35)
	at org.junit.platform.engine.support.hierarchical.HierarchicalTestExecutor.execute(HierarchicalTestExecutor.java:57)
	at org.junit.platform.engine.support.hierarchical.HierarchicalTestEngine.execute(HierarchicalTestEngine.java:54)
	at org.junit.platform.launcher.core.EngineExecutionOrchestrator.execute(EngineExecutionOrchestrator.java:198)
	at org.junit.platform.launcher.core.EngineExecutionOrchestrator.execute(EngineExecutionOrchestrator.java:169)
	at org.junit.platform.launcher.core.EngineExecutionOrchestrator.execute(EngineExecutionOrchestrator.java:93)
	at org.junit.platform.launcher.core.EngineExecutionOrchestrator.lambda$execute$0(EngineExecutionOrchestrator.java:58)
	at org.junit.platform.launcher.core.EngineExecutionOrchestrator.withInterceptedStreams(EngineExecutionOrchestrator.java:141)
	at org.junit.platform.launcher.core.EngineExecutionOrchestrator.execute(EngineExecutionOrchestrator.java:57)
	at org.junit.platform.launcher.core.DefaultLauncher.execute(DefaultLauncher.java:103)
	at org.junit.platform.launcher.core.DefaultLauncher.execute(DefaultLauncher.java:85)
	at org.junit.platform.launcher.core.DelegatingLauncher.execute(DelegatingLauncher.java:47)
	at org.apache.maven.surefire.junitplatform.LazyLauncher.execute(LazyLauncher.java:56)
	at org.apache.maven.surefire.junitplatform.JUnitPlatformProvider.execute(JUnitPlatformProvider.java:184)
	at org.apache.maven.surefire.junitplatform.JUnitPlatformProvider.invokeAllTests(JUnitPlatformProvider.java:148)
	at org.apache.maven.surefire.junitplatform.JUnitPlatformProvider.invoke(JUnitPlatformProvider.java:122)
	at org.apache.maven.surefire.booter.ForkedBooter.runSuitesInProcess(ForkedBooter.java:385)
	at org.apache.maven.surefire.booter.ForkedBooter.execute(ForkedBooter.java:162)
	at org.apache.maven.surefire.booter.ForkedBooter.run(ForkedBooter.java:507)
	at org.apache.maven.surefire.booter.ForkedBooter.main(ForkedBooter.java:495)
14:08:33.890 [main] INFO com._5ganalysisrate.g5rate.service.orchestrator.AnalysisOrchestrator -- [Orchestrator] 任务状态更新: taskId=1, status=FAILED, progress=0
]]></system-out>
  </testcase>
  <testcase name="testExecuteAsync_TaskNotFound" classname="com._5ganalysisrate.g5rate.service.AnalysisOrchestratorTest" time="0.004">
    <system-out><![CDATA[14:08:33.895 [main] INFO com._5ganalysisrate.g5rate.service.orchestrator.AnalysisOrchestrator -- [Orchestrator] 开始执行分析任务, taskId=999
14:08:33.896 [main] ERROR com._5ganalysisrate.g5rate.service.orchestrator.AnalysisOrchestrator -- [Orchestrator] 任务不存在, taskId=999
]]></system-out>
  </testcase>
</testsuite>